update-alternatives 2013-01-07 20:40:27: run with --quiet --install /usr/bin/awk awk /usr/bin/mawk 5 --slave /usr/share/man/man1/awk.1.gz awk.1.gz /usr/share/man/man1/mawk.1.gz --slave /usr/bin/nawk nawk /usr/bin/mawk --slave /usr/share/man/man1/nawk.1.gz nawk.1.gz /usr/share/man/man1/mawk.1.gz
update-alternatives 2013-01-07 20:40:27: link group awk updated to point to /usr/bin/mawk
update-alternatives 2013-01-07 20:40:46: run with --install /usr/sbin/rmt rmt /usr/sbin/rmt-tar 50 --slave /usr/share/man/man8/rmt.8.gz rmt.8.gz /usr/share/man/man8/rmt-tar.8.gz
update-alternatives 2013-01-07 20:40:46: link group rmt updated to point to /usr/sbin/rmt-tar
update-alternatives 2013-01-07 20:40:46: run with --quiet --install /usr/bin/awk awk /usr/bin/mawk 5 --slave /usr/share/man/man1/awk.1.gz awk.1.gz /usr/share/man/man1/mawk.1.gz --slave /usr/bin/nawk nawk /usr/bin/mawk --slave /usr/share/man/man1/nawk.1.gz nawk.1.gz /usr/share/man/man1/mawk.1.gz
update-alternatives 2013-01-07 20:40:51: run with --install /bin/mt mt /bin/mt-gnu 10 --slave /usr/share/man/man1/mt.1.gz mt.1.gz /usr/share/man/man1/mt-gnu.1.gz
update-alternatives 2013-01-07 20:40:51: link group mt updated to point to /bin/mt-gnu
update-alternatives 2013-01-07 20:40:53: run with --install /usr/share/man/man7/builtins.7.gz builtins.7.gz /usr/share/man/man7/bash-builtins.7.gz 10
update-alternatives 2013-01-07 20:40:53: link group builtins.7.gz updated to point to /usr/share/man/man7/bash-builtins.7.gz
update-alternatives 2013-01-07 20:40:53: run with --install /usr/bin/pager pager /bin/more 50 --slave /usr/share/man/man1/pager.1.gz pager.1.gz /usr/share/man/man1/more.1.gz
update-alternatives 2013-01-07 20:40:53: link group pager updated to point to /bin/more
update-alternatives 2013-01-07 20:40:53: run with --install /usr/bin/pager pager /usr/bin/pg 10 --slave /usr/share/man/man1/pager.1.gz pager.1.gz /usr/share/man/man1/pg.1.gz
update-alternatives 2013-01-07 20:40:53: run with --install /usr/bin/w w /usr/bin/w.procps 50 --slave /usr/share/man/man1/w.1.gz w.1.gz /usr/share/man/man1/w.procps.1.gz
update-alternatives 2013-01-07 20:40:53: link group w updated to point to /usr/bin/w.procps
update-alternatives 2013-01-07 20:41:04: run with --install /bin/nc nc /bin/nc.openbsd 50 --slave /bin/netcat netcat /bin/nc.openbsd --slave /usr/share/man/man1/nc.1.gz nc.1.gz /usr/share/man/man1/nc_openbsd.1.gz --slave /usr/share/man/man1/netcat.1.gz netcat.1.gz /usr/share/man/man1/nc_openbsd.1.gz
update-alternatives 2013-01-07 20:41:04: link group nc updated to point to /bin/nc.openbsd
update-alternatives 2013-01-07 20:41:04: run with --install /etc/newt/palette newt-palette /etc/newt/palette.ubuntu 50
update-alternatives 2013-01-07 20:41:04: link group newt-palette updated to point to /etc/newt/palette.ubuntu
update-alternatives 2013-01-07 20:41:04: run with --install /etc/newt/palette newt-palette /etc/newt/palette.original 20
update-alternatives 2013-01-07 20:41:04: run with --install /usr/bin/view view /usr/bin/see 1 --slave /usr/share/man/man1/view.1.gz view.1.gz /usr/share/man/man1/see.1.gz
update-alternatives 2013-01-07 20:41:04: link group view updated to point to /usr/bin/see
update-alternatives 2013-01-07 20:41:05: run with --install /usr/bin/rview rview /usr/bin/vim.tiny 10
update-alternatives 2013-01-07 20:41:05: link group rview updated to point to /usr/bin/vim.tiny
update-alternatives 2013-01-07 20:41:05: run with --install /usr/bin/vi vi /usr/bin/vim.tiny 10 --slave /usr/share/man/fr/man1/vi.1.gz vi.fr.1.gz /usr/share/man/fr/man1/vim.1.gz --slave /usr/share/man/it/man1/vi.1.gz vi.it.1.gz /usr/share/man/it/man1/vim.1.gz --slave /usr/share/man/pl/man1/vi.1.gz vi.pl.1.gz /usr/share/man/pl/man1/vim.1.gz --slave /usr/share/man/ru/man1/vi.1.gz vi.ru.1.gz /usr/share/man/ru/man1/vim.1.gz --slave /usr/share/man/man1/vi.1.gz vi.1.gz /usr/share/man/man1/vim.1.gz
update-alternatives 2013-01-07 20:41:05: link group vi updated to point to /usr/bin/vim.tiny
update-alternatives 2013-01-07 20:41:05: run with --install /usr/bin/view view /usr/bin/vim.tiny 10 --slave /usr/share/man/fr/man1/view.1.gz view.fr.1.gz /usr/share/man/fr/man1/vim.1.gz --slave /usr/share/man/it/man1/view.1.gz view.it.1.gz /usr/share/man/it/man1/vim.1.gz --slave /usr/share/man/pl/man1/view.1.gz view.pl.1.gz /usr/share/man/pl/man1/vim.1.gz --slave /usr/share/man/ru/man1/view.1.gz view.ru.1.gz /usr/share/man/ru/man1/vim.1.gz --slave /usr/share/man/man1/view.1.gz view.1.gz /usr/share/man/man1/vim.1.gz
update-alternatives 2013-01-07 20:41:05: link group view updated to point to /usr/bin/vim.tiny
update-alternatives 2013-01-07 20:41:05: run with --install /usr/bin/ex ex /usr/bin/vim.tiny 10 --slave /usr/share/man/fr/man1/ex.1.gz ex.fr.1.gz /usr/share/man/fr/man1/vim.1.gz --slave /usr/share/man/it/man1/ex.1.gz ex.it.1.gz /usr/share/man/it/man1/vim.1.gz --slave /usr/share/man/pl/man1/ex.1.gz ex.pl.1.gz /usr/share/man/pl/man1/vim.1.gz --slave /usr/share/man/ru/man1/ex.1.gz ex.ru.1.gz /usr/share/man/ru/man1/vim.1.gz --slave /usr/share/man/man1/ex.1.gz ex.1.gz /usr/share/man/man1/vim.1.gz
update-alternatives 2013-01-07 20:41:05: link group ex updated to point to /usr/bin/vim.tiny
update-alternatives 2013-01-07 20:41:05: run with --install /usr/bin/editor editor /usr/bin/vim.tiny 10 --slave /usr/share/man/fr/man1/editor.1.gz editor.fr.1.gz /usr/share/man/fr/man1/vim.1.gz --slave /usr/share/man/it/man1/editor.1.gz editor.it.1.gz /usr/share/man/it/man1/vim.1.gz --slave /usr/share/man/pl/man1/editor.1.gz editor.pl.1.gz /usr/share/man/pl/man1/vim.1.gz --slave /usr/share/man/ru/man1/editor.1.gz editor.ru.1.gz /usr/share/man/ru/man1/vim.1.gz --slave /usr/share/man/man1/editor.1.gz editor.1.gz /usr/share/man/man1/vim.1.gz
update-alternatives 2013-01-07 20:41:05: link group editor updated to point to /usr/bin/vim.tiny
update-alternatives 2013-01-07 20:41:05: run with --quiet --install /usr/bin/pager pager /bin/less 77 --slave /usr/share/man/man1/pager.1.gz pager.1.gz /usr/share/man/man1/less.1.gz
update-alternatives 2013-01-07 20:41:05: link group pager updated to point to /bin/less
update-alternatives 2013-01-07 20:41:05: run with --quiet --install /usr/bin/pager pager /bin/less 77 --slave /usr/share/man/man1/pager.1.gz pager.1.gz /usr/share/man/man1/less.1.gz
update-alternatives 2013-01-07 20:41:08: run with --install /etc/vtrgb vtrgb /etc/console-setup/vtrgb 50
update-alternatives 2013-01-07 20:41:08: link group vtrgb updated to point to /etc/console-setup/vtrgb
update-alternatives 2013-01-07 20:41:08: run with --install /etc/vtrgb vtrgb /etc/console-setup/vtrgb.vga 20
update-alternatives 2013-01-07 12:42:00: run with --install /usr/bin/aptitude aptitude /usr/bin/aptitude-curses 30 --slave /usr/share/man/man8/aptitude.8.gz aptitude.8.gz /usr/share/man/man8/aptitude-curses.8.gz --slave /usr/share/man/cs/man8/aptitude.8.gz aptitude.cs.8.gz /usr/share/man/cs/man8/aptitude-curses.8.gz --slave /usr/share/man/de/man8/aptitude.8.gz aptitude.de.8.gz /usr/share/man/de/man8/aptitude-curses.8.gz --slave /usr/share/man/es/man8/aptitude.8.gz aptitude.es.8.gz /usr/share/man/es/man8/aptitude-curses.8.gz --slave /usr/share/man/fi/man8/aptitude.8.gz aptitude.fi.8.gz /usr/share/man/fi/man8/aptitude-curses.8.gz --slave /usr/share/man/fr/man8/aptitude.8.gz aptitude.fr.8.gz /usr/share/man/fr/man8/aptitude-curses.8.gz --slave /usr/share/man/gl/man8/aptitude.8.gz aptitude.gl.8.gz /usr/share/man/gl/man8/aptitude-curses.8.gz --slave /usr/share/man/it/man8/aptitude.8.gz aptitude.it.8.gz /usr/share/man/it/man8/aptitude-curses.8.gz --slave /usr/share/man/ja/man8/aptitude.8.gz aptitude.ja.8.gz /usr/share/man/ja/man8/aptitude-curses.8.gz --slave /usr/share/man/pl/man8/aptitude.8.gz aptitude.pl.8.gz /usr/share/man/pl/man8/aptitude-curses.8.gz
update-alternatives 2013-01-07 12:42:00: link group aptitude updated to point to /usr/bin/aptitude-curses
update-alternatives 2013-01-07 12:42:01: run with --install /usr/bin/rename rename /usr/bin/prename 60 --slave /usr/share/man/man1/rename.1.gz rename.1.gz /usr/share/man/man1/prename.1.gz
update-alternatives 2013-01-07 12:42:01: link group rename updated to point to /usr/bin/prename
update-alternatives 2013-01-07 12:42:29: run with --install /usr/bin/write write /usr/bin/bsd-write 100 --slave /usr/share/man/man1/write.1.gz write.1.gz /usr/share/man/man1/bsd-write.1.gz
update-alternatives 2013-01-07 12:42:29: link group write updated to point to /usr/bin/bsd-write
update-alternatives 2013-01-07 12:42:29: run with --install /usr/bin/from from /usr/bin/bsd-from 10 --slave /usr/share/man/man1/from.1.gz from.1.gz /usr/share/man/man1/bsd-from.1.gz
update-alternatives 2013-01-07 12:42:29: link group from updated to point to /usr/bin/bsd-from
update-alternatives 2013-01-07 12:42:29: run with --quiet --install /usr/bin/editor editor /bin/ed -100 --slave /usr/share/man/man1/editor.1.gz editor.1.gz /usr/share/man/man1/ed.1.gz
update-alternatives 2013-01-07 12:42:29: run with --install /usr/bin/ftp ftp /usr/bin/netkit-ftp 100 --slave /usr/share/man/man1/ftp.1.gz ftp.1.gz /usr/share/man/man1/netkit-ftp.1.gz
update-alternatives 2013-01-07 12:42:29: link group ftp updated to point to /usr/bin/netkit-ftp
update-alternatives 2013-01-07 12:42:30: run with --install /usr/bin/infobrowser infobrowser /usr/bin/info 60 --slave /usr/share/man/man1/infobrowser.1.gz infobrowser.1.gz /usr/share/man/man1/info.1.gz
update-alternatives 2013-01-07 12:42:30: link group infobrowser updated to point to /usr/bin/info
update-alternatives 2013-01-07 12:42:30: run with --install /usr/bin/traceroute6 traceroute6 /usr/bin/traceroute6.iputils 100 --slave /usr/share/man/man8/traceroute6.8.gz traceroute6.8.gz /usr/share/man/man8/traceroute6.iputils.8.gz
update-alternatives 2013-01-07 12:42:30: link group traceroute6 updated to point to /usr/bin/traceroute6.iputils
update-alternatives 2013-01-07 12:42:36: run with --install /usr/bin/locate locate /usr/bin/mlocate 80 --slave /usr/share/man/man1/locate.1.gz locate.1.gz /usr/share/man/man1/mlocate.1.gz --slave /usr/bin/updatedb updatedb /usr/bin/updatedb.mlocate
update-alternatives 2013-01-07 12:42:36: link group locate updated to point to /usr/bin/mlocate
update-alternatives 2013-01-07 12:42:36: run with --install /usr/bin/editor editor /bin/nano 40 --slave /usr/share/man/man1/editor.1.gz editor.1.gz /usr/share/man/man1/nano.1.gz
update-alternatives 2013-01-07 12:42:36: link group editor updated to point to /bin/nano
update-alternatives 2013-01-07 12:42:36: run with --install /usr/bin/pico pico /bin/nano 10 --slave /usr/share/man/man1/pico.1.gz pico.1.gz /usr/share/man/man1/nano.1.gz
update-alternatives 2013-01-07 12:42:36: link group pico updated to point to /bin/nano
update-alternatives 2013-01-07 12:42:36: run with --quiet --install /usr/bin/rsh rsh /usr/bin/ssh 20 --slave /usr/share/man/man1/rsh.1.gz rsh.1.gz /usr/share/man/man1/ssh.1.gz
update-alternatives 2013-01-07 12:42:36: link group rsh updated to point to /usr/bin/ssh
update-alternatives 2013-01-07 12:42:36: run with --quiet --install /usr/bin/rlogin rlogin /usr/bin/slogin 20 --slave /usr/share/man/man1/rlogin.1.gz rlogin.1.gz /usr/share/man/man1/slogin.1.gz
update-alternatives 2013-01-07 12:42:36: link group rlogin updated to point to /usr/bin/slogin
update-alternatives 2013-01-07 12:42:36: run with --quiet --install /usr/bin/rcp rcp /usr/bin/scp 20 --slave /usr/share/man/man1/rcp.1.gz rcp.1.gz /usr/share/man/man1/scp.1.gz
update-alternatives 2013-01-07 12:42:36: link group rcp updated to point to /usr/bin/scp
update-alternatives 2013-01-07 12:42:36: run with --install /lib/plymouth/themes/text.plymouth text.plymouth /lib/plymouth/themes/ubuntu-text/ubuntu-text.plymouth 50
update-alternatives 2013-01-07 12:42:36: link group text.plymouth updated to point to /lib/plymouth/themes/ubuntu-text/ubuntu-text.plymouth
update-alternatives 2013-01-07 12:42:37: run with --install /usr/bin/telnet telnet /usr/bin/telnet.netkit 100 --slave /usr/share/man/man1/telnet.1.gz telnet.1.gz /usr/share/man/man1/telnet.netkit.1.gz
update-alternatives 2013-01-07 12:42:37: link group telnet updated to point to /usr/bin/telnet.netkit
update-alternatives 2013-01-07 17:52:15: run with --install /lib/plymouth/themes/text.plymouth text.plymouth /lib/plymouth/themes/ubuntu-text/ubuntu-text.plymouth 50
update-alternatives 2013-01-07 17:52:22: run with --install /lib/plymouth/themes/text.plymouth text.plymouth /lib/plymouth/themes/ubuntu-text/ubuntu-text.plymouth 50
update-alternatives 2013-01-07 17:53:35: run with --install /usr/bin/rview rview /usr/bin/vim.tiny 10
update-alternatives 2013-01-07 17:53:35: run with --install /usr/bin/vi vi /usr/bin/vim.tiny 10 --slave /usr/share/man/fr/man1/vi.1.gz vi.fr.1.gz /usr/share/man/fr/man1/vim.1.gz --slave /usr/share/man/it/man1/vi.1.gz vi.it.1.gz /usr/share/man/it/man1/vim.1.gz --slave /usr/share/man/pl/man1/vi.1.gz vi.pl.1.gz /usr/share/man/pl/man1/vim.1.gz --slave /usr/share/man/ru/man1/vi.1.gz vi.ru.1.gz /usr/share/man/ru/man1/vim.1.gz --slave /usr/share/man/man1/vi.1.gz vi.1.gz /usr/share/man/man1/vim.1.gz
update-alternatives 2013-01-07 17:53:35: run with --install /usr/bin/view view /usr/bin/vim.tiny 10 --slave /usr/share/man/fr/man1/view.1.gz view.fr.1.gz /usr/share/man/fr/man1/vim.1.gz --slave /usr/share/man/it/man1/view.1.gz view.it.1.gz /usr/share/man/it/man1/vim.1.gz --slave /usr/share/man/pl/man1/view.1.gz view.pl.1.gz /usr/share/man/pl/man1/vim.1.gz --slave /usr/share/man/ru/man1/view.1.gz view.ru.1.gz /usr/share/man/ru/man1/vim.1.gz --slave /usr/share/man/man1/view.1.gz view.1.gz /usr/share/man/man1/vim.1.gz
update-alternatives 2013-01-07 17:53:35: run with --install /usr/bin/ex ex /usr/bin/vim.tiny 10 --slave /usr/share/man/fr/man1/ex.1.gz ex.fr.1.gz /usr/share/man/fr/man1/vim.1.gz --slave /usr/share/man/it/man1/ex.1.gz ex.it.1.gz /usr/share/man/it/man1/vim.1.gz --slave /usr/share/man/pl/man1/ex.1.gz ex.pl.1.gz /usr/share/man/pl/man1/vim.1.gz --slave /usr/share/man/ru/man1/ex.1.gz ex.ru.1.gz /usr/share/man/ru/man1/vim.1.gz --slave /usr/share/man/man1/ex.1.gz ex.1.gz /usr/share/man/man1/vim.1.gz
update-alternatives 2013-01-07 17:53:35: run with --install /usr/bin/editor editor /usr/bin/vim.tiny 10 --slave /usr/share/man/fr/man1/editor.1.gz editor.fr.1.gz /usr/share/man/fr/man1/vim.1.gz --slave /usr/share/man/it/man1/editor.1.gz editor.it.1.gz /usr/share/man/it/man1/vim.1.gz --slave /usr/share/man/pl/man1/editor.1.gz editor.pl.1.gz /usr/share/man/pl/man1/vim.1.gz --slave /usr/share/man/ru/man1/editor.1.gz editor.ru.1.gz /usr/share/man/ru/man1/vim.1.gz --slave /usr/share/man/man1/editor.1.gz editor.1.gz /usr/share/man/man1/vim.1.gz
update-alternatives 2013-01-07 17:53:38: run with --install /usr/bin/aptitude aptitude /usr/bin/aptitude-curses 30 --slave /usr/share/man/man8/aptitude.8.gz aptitude.8.gz /usr/share/man/man8/aptitude-curses.8.gz --slave /usr/share/man/cs/man8/aptitude.8.gz aptitude.cs.8.gz /usr/share/man/cs/man8/aptitude-curses.8.gz --slave /usr/share/man/de/man8/aptitude.8.gz aptitude.de.8.gz /usr/share/man/de/man8/aptitude-curses.8.gz --slave /usr/share/man/es/man8/aptitude.8.gz aptitude.es.8.gz /usr/share/man/es/man8/aptitude-curses.8.gz --slave /usr/share/man/fi/man8/aptitude.8.gz aptitude.fi.8.gz /usr/share/man/fi/man8/aptitude-curses.8.gz --slave /usr/share/man/fr/man8/aptitude.8.gz aptitude.fr.8.gz /usr/share/man/fr/man8/aptitude-curses.8.gz --slave /usr/share/man/gl/man8/aptitude.8.gz aptitude.gl.8.gz /usr/share/man/gl/man8/aptitude-curses.8.gz --slave /usr/share/man/it/man8/aptitude.8.gz aptitude.it.8.gz /usr/share/man/it/man8/aptitude-curses.8.gz --slave /usr/share/man/ja/man8/aptitude.8.gz aptitude.ja.8.gz /usr/share/man/ja/man8/aptitude-curses.8.gz --slave /usr/share/man/pl/man8/aptitude.8.gz aptitude.pl.8.gz /usr/share/man/pl/man8/aptitude-curses.8.gz
update-alternatives 2013-01-07 17:53:44: run with --install /usr/bin/rename rename /usr/bin/prename 60 --slave /usr/share/man/man1/rename.1.gz rename.1.gz /usr/share/man/man1/prename.1.gz
update-alternatives 2013-01-07 17:58:14: run with --install /usr/bin/java java /usr/lib/jvm/java-6-openjdk-amd64/jre/bin/java 1061 --slave /usr/share/man/man1/java.1.gz java.1.gz /usr/lib/jvm/java-6-openjdk-amd64/jre/man/man1/java.1.gz
update-alternatives 2013-01-07 17:58:14: link group java updated to point to /usr/lib/jvm/java-6-openjdk-amd64/jre/bin/java
update-alternatives 2013-01-07 17:58:14: run with --install /usr/bin/keytool keytool /usr/lib/jvm/java-6-openjdk-amd64/jre/bin/keytool 1061 --slave /usr/share/man/man1/keytool.1.gz keytool.1.gz /usr/lib/jvm/java-6-openjdk-amd64/jre/man/man1/keytool.1.gz
update-alternatives 2013-01-07 17:58:14: link group keytool updated to point to /usr/lib/jvm/java-6-openjdk-amd64/jre/bin/keytool
update-alternatives 2013-01-07 17:58:14: run with --install /usr/bin/pack200 pack200 /usr/lib/jvm/java-6-openjdk-amd64/jre/bin/pack200 1061 --slave /usr/share/man/man1/pack200.1.gz pack200.1.gz /usr/lib/jvm/java-6-openjdk-amd64/jre/man/man1/pack200.1.gz
update-alternatives 2013-01-07 17:58:14: link group pack200 updated to point to /usr/lib/jvm/java-6-openjdk-amd64/jre/bin/pack200
update-alternatives 2013-01-07 17:58:14: run with --install /usr/bin/rmid rmid /usr/lib/jvm/java-6-openjdk-amd64/jre/bin/rmid 1061 --slave /usr/share/man/man1/rmid.1.gz rmid.1.gz /usr/lib/jvm/java-6-openjdk-amd64/jre/man/man1/rmid.1.gz
update-alternatives 2013-01-07 17:58:14: link group rmid updated to point to /usr/lib/jvm/java-6-openjdk-amd64/jre/bin/rmid
update-alternatives 2013-01-07 17:58:14: run with --install /usr/bin/rmiregistry rmiregistry /usr/lib/jvm/java-6-openjdk-amd64/jre/bin/rmiregistry 1061 --slave /usr/share/man/man1/rmiregistry.1.gz rmiregistry.1.gz /usr/lib/jvm/java-6-openjdk-amd64/jre/man/man1/rmiregistry.1.gz
update-alternatives 2013-01-07 17:58:14: link group rmiregistry updated to point to /usr/lib/jvm/java-6-openjdk-amd64/jre/bin/rmiregistry
update-alternatives 2013-01-07 17:58:14: run with --install /usr/bin/unpack200 unpack200 /usr/lib/jvm/java-6-openjdk-amd64/jre/bin/unpack200 1061 --slave /usr/share/man/man1/unpack200.1.gz unpack200.1.gz /usr/lib/jvm/java-6-openjdk-amd64/jre/man/man1/unpack200.1.gz
update-alternatives 2013-01-07 17:58:14: link group unpack200 updated to point to /usr/lib/jvm/java-6-openjdk-amd64/jre/bin/unpack200
update-alternatives 2013-01-07 17:58:14: run with --install /usr/bin/orbd orbd /usr/lib/jvm/java-6-openjdk-amd64/jre/bin/orbd 1061 --slave /usr/share/man/man1/orbd.1.gz orbd.1.gz /usr/lib/jvm/java-6-openjdk-amd64/jre/man/man1/orbd.1.gz
update-alternatives 2013-01-07 17:58:14: link group orbd updated to point to /usr/lib/jvm/java-6-openjdk-amd64/jre/bin/orbd
update-alternatives 2013-01-07 17:58:14: run with --install /usr/bin/servertool servertool /usr/lib/jvm/java-6-openjdk-amd64/jre/bin/servertool 1061 --slave /usr/share/man/man1/servertool.1.gz servertool.1.gz /usr/lib/jvm/java-6-openjdk-amd64/jre/man/man1/servertool.1.gz
update-alternatives 2013-01-07 17:58:14: link group servertool updated to point to /usr/lib/jvm/java-6-openjdk-amd64/jre/bin/servertool
update-alternatives 2013-01-07 17:58:14: run with --install /usr/bin/tnameserv tnameserv /usr/lib/jvm/java-6-openjdk-amd64/jre/bin/tnameserv 1061 --slave /usr/share/man/man1/tnameserv.1.gz tnameserv.1.gz /usr/lib/jvm/java-6-openjdk-amd64/jre/man/man1/tnameserv.1.gz
update-alternatives 2013-01-07 17:58:14: link group tnameserv updated to point to /usr/lib/jvm/java-6-openjdk-amd64/jre/bin/tnameserv
update-alternatives 2013-01-07 17:58:14: run with --install /usr/bin/jexec jexec /usr/lib/jvm/java-6-openjdk-amd64/jre/lib/jexec 1061 --slave /usr/share/binfmts/jar jexec-binfmt /usr/lib/jvm/java-6-openjdk-amd64/jre/lib/jar.binfmt
update-alternatives 2013-01-07 17:58:14: link group jexec updated to point to /usr/lib/jvm/java-6-openjdk-amd64/jre/lib/jexec
update-alternatives 2013-01-07 18:03:49: run with --install /usr/share/man/man1/psql.1.gz psql.1.gz /usr/share/postgresql/9.1/man/man1/psql.1.gz 91 --slave /usr/share/man/man1/clusterdb.1.gz clusterdb.1.gz /usr/share/postgresql/9.1/man/man1/clusterdb.1.gz --slave /usr/share/man/man1/dropuser.1.gz dropuser.1.gz /usr/share/postgresql/9.1/man/man1/dropuser.1.gz --slave /usr/share/man/man1/droplang.1.gz droplang.1.gz /usr/share/postgresql/9.1/man/man1/droplang.1.gz --slave /usr/share/man/man1/createdb.1.gz createdb.1.gz /usr/share/postgresql/9.1/man/man1/createdb.1.gz --slave /usr/share/man/man1/pg_dumpall.1.gz pg_dumpall.1.gz /usr/share/postgresql/9.1/man/man1/pg_dumpall.1.gz --slave /usr/share/man/man1/pg_restore.1.gz pg_restore.1.gz /usr/share/postgresql/9.1/man/man1/pg_restore.1.gz --slave /usr/share/man/man1/dropdb.1.gz dropdb.1.gz /usr/share/postgresql/9.1/man/man1/dropdb.1.gz --slave /usr/share/man/man1/createuser.1.gz createuser.1.gz /usr/share/postgresql/9.1/man/man1/createuser.1.gz --slave /usr/share/man/man1/pg_dump.1.gz pg_dump.1.gz /usr/share/postgresql/9.1/man/man1/pg_dump.1.gz --slave /usr/share/man/man1/reindexdb.1.gz reindexdb.1.gz /usr/share/postgresql/9.1/man/man1/reindexdb.1.gz --slave /usr/share/man/man1/createlang.1.gz createlang.1.gz /usr/share/postgresql/9.1/man/man1/createlang.1.gz --slave /usr/share/man/man1/vacuumdb.1.gz vacuumdb.1.gz /usr/share/postgresql/9.1/man/man1/vacuumdb.1.gz --slave /usr/share/man/man7/ALTER_OPERATOR_CLASS.7.gz ALTER_OPERATOR_CLASS.7.gz /usr/share/postgresql/9.1/man/man7/ALTER_OPERATOR_CLASS.7.gz --slave /usr/share/man/man7/ALTER_TEXT_SEARCH_TEMPLATE.7.gz ALTER_TEXT_SEARCH_TEMPLATE.7.gz /usr/share/postgresql/9.1/man/man7/ALTER_TEXT_SEARCH_TEMPLATE.7.gz --slave /usr/share/man/man7/DISCARD.7.gz DISCARD.7.gz /usr/share/postgresql/9.1/man/man7/DISCARD.7.gz --slave /usr/share/man/man7/CREATE_SCHEMA.7.gz CREATE_SCHEMA.7.gz /usr/share/postgresql/9.1/man/man7/CREATE_SCHEMA.7.gz --slave /usr/share/man/man7/SET_TRANSACTION.7.gz SET_TRANSACTION.7.gz /usr/share/postgresql/9.1/man/man7/SET_TRANSACTION.7.gz --slave
update-alternatives 2013-01-07 18:03:49: link group psql.1.gz updated to point to /usr/share/postgresql/9.1/man/man1/psql.1.gz
update-alternatives 2013-01-07 18:03:53: run with --install /usr/share/man/man1/postmaster.1.gz postmaster.1.gz /usr/share/postgresql/9.1/man/man1/postmaster.1.gz 91 --slave /usr/share/man/man1/initdb.1.gz initdb.1.gz /usr/share/postgresql/9.1/man/man1/initdb.1.gz --slave /usr/share/man/man1/pg_controldata.1.gz pg_controldata.1.gz /usr/share/postgresql/9.1/man/man1/pg_controldata.1.gz --slave /usr/share/man/man1/postgres.1.gz postgres.1.gz /usr/share/postgresql/9.1/man/man1/postgres.1.gz --slave /usr/share/man/man1/pg_ctl.1.gz pg_ctl.1.gz /usr/share/postgresql/9.1/man/man1/pg_ctl.1.gz --slave /usr/share/man/man1/pg_resetxlog.1.gz pg_resetxlog.1.gz /usr/share/postgresql/9.1/man/man1/pg_resetxlog.1.gz --slave /usr/share/man/man1/pg_basebackup.1.gz pg_basebackup.1.gz /usr/share/postgresql/9.1/man/man1/pg_basebackup.1.gz
update-alternatives 2013-01-07 18:03:53: link group postmaster.1.gz updated to point to /usr/share/postgresql/9.1/man/man1/postmaster.1.gz
update-alternatives 2013-01-07 18:03:56: run with --install /usr/bin/tclsh tclsh /usr/bin/tclsh8.5 850 --slave /usr/share/man/man1/tclsh.1.gz tclsh.1 /usr/share/man/man1/tclsh8.5.1.gz
update-alternatives 2013-01-07 18:03:56: link group tclsh updated to point to /usr/bin/tclsh8.5
update-alternatives 2013-01-07 18:29:44: run with --quiet --install /usr/bin/awk awk /usr/bin/gawk 10 --slave /usr/share/man/man1/awk.1.gz awk.1.gz /usr/share/man/man1/gawk.1.gz --slave /usr/bin/nawk nawk /usr/bin/gawk --slave /usr/share/man/man1/nawk.1.gz nawk.1.gz /usr/share/man/man1/gawk.1.gz
update-alternatives 2013-01-07 18:29:44: link group awk updated to point to /usr/bin/gawk
update-alternatives 2013-01-10 12:14:05: run with --force --install /etc/ld.so.conf.d/x86_64-linux-gnu_GL.conf x86_64-linux-gnu_gl_conf /usr/lib/x86_64-linux-gnu/mesa/ld.so.conf 500 --slave /usr/lib/x86_64-linux-gnu/xorg/extra-modules x86_64-linux-gnu_xorg_extra_modules /usr/lib/x86_64-linux-gnu/xorg/x11-extra-modules
update-alternatives 2013-01-10 12:14:05: link group x86_64-linux-gnu_gl_conf updated to point to /usr/lib/x86_64-linux-gnu/mesa/ld.so.conf
update-alternatives 2013-01-10 13:04:25: run with --install /usr/bin/traceroute traceroute /usr/bin/traceroute.db 100 --slave /usr/sbin/traceroute traceroute.sbin /usr/bin/traceroute.db --slave /usr/share/man/man1/traceroute.1.gz traceroute.1.gz /usr/share/man/man1/traceroute.db.1.gz
update-alternatives 2013-01-10 13:04:25: link group traceroute updated to point to /usr/bin/traceroute.db
update-alternatives 2013-01-10 13:04:25: run with --install /usr/bin/traceroute6 traceroute6 /usr/bin/traceroute6.db 100 --slave /usr/share/man/man1/traceroute6.1.gz traceroute6.1.gz /usr/share/man/man1/traceroute6.db.1.gz
update-alternatives 2013-01-10 13:04:25: run with --install /usr/bin/lft lft /usr/bin/lft.db 100 --slave /usr/share/man/man1/lft.1.gz lft.1.gz /usr/share/man/man1/lft.db.1.gz
update-alternatives 2013-01-10 13:04:25: link group lft updated to point to /usr/bin/lft.db
update-alternatives 2013-01-10 13:04:25: run with --install /usr/bin/traceproto traceproto /usr/bin/traceproto.db 100 --slave /usr/share/man/man1/traceproto.1.gz traceproto.1.gz /usr/share/man/man1/traceproto.db.1.gz
update-alternatives 2013-01-10 13:04:25: link group traceproto updated to point to /usr/bin/traceproto.db
update-alternatives 2013-01-10 13:04:25: run with --install /usr/sbin/tcptraceroute tcptraceroute /usr/sbin/tcptraceroute.db 100 --slave /usr/share/man/man8/tcptraceroute.8.gz tcptraceroute.8.gz /usr/share/man/man8/tcptraceroute.db.8.gz
update-alternatives 2013-01-10 13:04:25: link group tcptraceroute updated to point to /usr/sbin/tcptraceroute.db
update-alternatives 2013-04-09 08:19:01: run with --install /usr/bin/wish wish /usr/bin/wish8.5 850 --slave /usr/share/man/man1/wish.1.gz wish.1 /usr/share/man/man1/wish8.5.1.gz
update-alternatives 2013-04-09 08:19:01: link group wish updated to point to /usr/bin/wish8.5
update-alternatives 2013-04-09 08:19:01: run with --install /usr/bin/x-terminal-emulator x-terminal-emulator /usr/bin/xterm 20 --slave /usr/share/man/man1/x-terminal-emulator.1.gz x-terminal-emulator.1.gz /usr/share/man/man1/xterm.1.gz
update-alternatives 2013-04-09 08:19:01: link group x-terminal-emulator updated to point to /usr/bin/xterm
update-alternatives 2013-04-09 08:19:01: run with --install /usr/bin/x-terminal-emulator x-terminal-emulator /usr/bin/uxterm 20 --slave /usr/share/man/man1/x-terminal-emulator.1.gz x-terminal-emulator.1.gz /usr/share/man/man1/uxterm.1.gz
update-alternatives 2013-04-09 08:19:01: run with --install /usr/bin/x-terminal-emulator x-terminal-emulator /usr/bin/koi8rxterm 20 --slave /usr/share/man/man1/x-terminal-emulator.1.gz x-terminal-emulator.1.gz /usr/share/man/man1/koi8rxterm.1.gz
update-alternatives 2013-04-09 08:19:01: link group x-terminal-emulator updated to point to /usr/bin/uxterm
update-alternatives 2013-04-09 08:19:01: run with --install /usr/bin/x-terminal-emulator x-terminal-emulator /usr/bin/lxterm 30 --slave /usr/share/man/man1/x-terminal-emulator.1.gz x-terminal-emulator.1.gz /usr/share/man/man1/lxterm.1.gz
update-alternatives 2013-04-09 08:19:01: link group x-terminal-emulator updated to point to /usr/bin/lxterm
update-alternatives 2013-04-09 08:19:46: run with --install /usr/share/man/man1/postmaster.1.gz postmaster.1.gz /usr/share/postgresql/9.2/man/man1/postmaster.1.gz 92 --slave /usr/share/man/man1/pg_ctl.1.gz pg_ctl.1.gz /usr/share/postgresql/9.2/man/man1/pg_ctl.1.gz --slave /usr/share/man/man1/initdb.1.gz initdb.1.gz /usr/share/postgresql/9.2/man/man1/initdb.1.gz --slave /usr/share/man/man1/postgres.1.gz postgres.1.gz /usr/share/postgresql/9.2/man/man1/postgres.1.gz --slave /usr/share/man/man1/pg_resetxlog.1.gz pg_resetxlog.1.gz /usr/share/postgresql/9.2/man/man1/pg_resetxlog.1.gz --slave /usr/share/man/man1/pg_upgrade.1.gz pg_upgrade.1.gz /usr/share/postgresql/9.2/man/man1/pg_upgrade.1.gz --slave /usr/share/man/man1/pg_controldata.1.gz pg_controldata.1.gz /usr/share/postgresql/9.2/man/man1/pg_controldata.1.gz
update-alternatives 2013-04-09 08:19:46: link group postmaster.1.gz updated to point to /usr/share/postgresql/9.2/man/man1/postmaster.1.gz
update-alternatives 2013-04-09 08:54:41: run with --remove postmaster.1.gz /usr/share/postgresql/9.1/man/man1/postmaster.1.gz
update-alternatives 2013-04-09 08:54:41: auto-repair link group postmaster.1.gz
update-alternatives 2013-04-09 08:54:53: run with --install /usr/share/man/man1/postmaster.1.gz postmaster.1.gz /usr/share/postgresql/9.1/man/man1/postmaster.1.gz 91 --slave /usr/share/man/man1/pg_ctl.1.gz pg_ctl.1.gz /usr/share/postgresql/9.1/man/man1/pg_ctl.1.gz --slave /usr/share/man/man1/initdb.1.gz initdb.1.gz /usr/share/postgresql/9.1/man/man1/initdb.1.gz --slave /usr/share/man/man1/postgres.1.gz postgres.1.gz /usr/share/postgresql/9.1/man/man1/postgres.1.gz --slave /usr/share/man/man1/pg_resetxlog.1.gz pg_resetxlog.1.gz /usr/share/postgresql/9.1/man/man1/pg_resetxlog.1.gz --slave /usr/share/man/man1/pg_controldata.1.gz pg_controldata.1.gz /usr/share/postgresql/9.1/man/man1/pg_controldata.1.gz
update-alternatives 2013-04-09 08:54:53: auto-repair link group postmaster.1.gz
update-alternatives 2013-04-09 08:54:53: run with --install /usr/share/man/man1/postmaster.1.gz postmaster.1.gz /usr/share/postgresql/9.1/man/man1/postmaster.1.gz 91 --slave /usr/share/man/man1/pg_ctl.1.gz pg_ctl.1.gz /usr/share/postgresql/9.1/man/man1/pg_ctl.1.gz --slave /usr/share/man/man1/initdb.1.gz initdb.1.gz /usr/share/postgresql/9.1/man/man1/initdb.1.gz --slave /usr/share/man/man1/postgres.1.gz postgres.1.gz /usr/share/postgresql/9.1/man/man1/postgres.1.gz --slave /usr/share/man/man1/pg_resetxlog.1.gz pg_resetxlog.1.gz /usr/share/postgresql/9.1/man/man1/pg_resetxlog.1.gz --slave /usr/share/man/man1/pg_controldata.1.gz pg_controldata.1.gz /usr/share/postgresql/9.1/man/man1/pg_controldata.1.gz
update-alternatives 2013-04-09 08:54:53: auto-repair link group postmaster.1.gz
update-alternatives 2013-04-09 08:55:34: run with --install /usr/share/man/man1/postmaster.1.gz postmaster.1.gz /usr/share/postgresql/9.2/man/man1/postmaster.1.gz 92 --slave /usr/share/man/man1/pg_ctl.1.gz pg_ctl.1.gz /usr/share/postgresql/9.2/man/man1/pg_ctl.1.gz --slave /usr/share/man/man1/initdb.1.gz initdb.1.gz /usr/share/postgresql/9.2/man/man1/initdb.1.gz --slave /usr/share/man/man1/postgres.1.gz postgres.1.gz /usr/share/postgresql/9.2/man/man1/postgres.1.gz --slave /usr/share/man/man1/pg_resetxlog.1.gz pg_resetxlog.1.gz /usr/share/postgresql/9.2/man/man1/pg_resetxlog.1.gz --slave /usr/share/man/man1/pg_upgrade.1.gz pg_upgrade.1.gz /usr/share/postgresql/9.2/man/man1/pg_upgrade.1.gz --slave /usr/share/man/man1/pg_controldata.1.gz pg_controldata.1.gz /usr/share/postgresql/9.2/man/man1/pg_controldata.1.gz --slave /usr/share/man/man1/pg_test_timing.1.gz pg_test_timing.1.gz /usr/share/postgresql/9.2/man/man1/pg_test_timing.1.gz --slave /usr/share/man/man1/pg_test_fsync.1.gz pg_test_fsync.1.gz /usr/share/postgresql/9.2/man/man1/pg_test_fsync.1.gz --slave /usr/share/man/man1/pg_standby.1.gz pg_standby.1.gz /usr/share/postgresql/9.2/man/man1/pg_standby.1.gz --slave /usr/share/man/man1/pgbench.1.gz pgbench.1.gz /usr/share/postgresql/9.2/man/man1/pgbench.1.gz --slave /usr/share/man/man1/oid2name.1.gz oid2name.1.gz /usr/share/postgresql/9.2/man/man1/oid2name.1.gz --slave /usr/share/man/man1/pg_archivecleanup.1.gz pg_archivecleanup.1.gz /usr/share/postgresql/9.2/man/man1/pg_archivecleanup.1.gz --slave /usr/share/man/man1/vacuumlo.1.gz vacuumlo.1.gz /usr/share/postgresql/9.2/man/man1/vacuumlo.1.gz
update-alternatives 2013-04-09 08:55:34: auto-repair link group postmaster.1.gz
update-alternatives 2013-05-13 07:57:05: run with --install /usr/bin/nmblookup nmblookup /usr/bin/nmblookup.samba3 0 --slave /usr/share/man/man1/nmblookup.1.gz nmblookup.1.gz /usr/share/man/man1/nmblookup.samba3.1.gz
update-alternatives 2013-05-13 07:57:05: link group nmblookup updated to point to /usr/bin/nmblookup.samba3
update-alternatives 2013-05-13 07:57:05: run with --install /usr/bin/net net /usr/bin/net.samba3 10 --slave /usr/share/man/man8/net.8.gz net.8.gz /usr/share/man/man8/net.samba3.8.gz
update-alternatives 2013-05-13 07:57:05: link group net updated to point to /usr/bin/net.samba3
update-alternatives 2013-05-13 07:57:05: run with --install /usr/bin/testparm testparm /usr/bin/testparm.samba3 10 --slave /usr/share/man/man1/testparm.1.gz testparm.1.gz /usr/share/man/man1/testparm.samba3.1.gz
update-alternatives 2013-05-13 07:57:05: link group testparm updated to point to /usr/bin/testparm.samba3
update-alternatives 2013-06-07 05:40:14: run with --quiet --install /lib/cpp cpp /usr/bin/cpp 10
update-alternatives 2013-06-07 05:40:14: link group cpp updated to point to /usr/bin/cpp
update-alternatives 2013-06-07 05:40:14: run with --quiet --install /usr/bin/cc cc /usr/bin/gcc 20 --slave /usr/share/man/man1/cc.1.gz cc.1.gz /usr/share/man/man1/gcc.1.gz
update-alternatives 2013-06-07 05:40:14: link group cc updated to point to /usr/bin/gcc
update-alternatives 2013-06-07 05:40:14: run with --quiet --install /usr/bin/c89 c89 /usr/bin/c89-gcc 20 --slave /usr/share/man/man1/c89.1.gz c89.1.gz /usr/share/man/man1/c89-gcc.1.gz
update-alternatives 2013-06-07 05:40:14: link group c89 updated to point to /usr/bin/c89-gcc
update-alternatives 2013-06-07 05:40:14: run with --quiet --install /usr/bin/c99 c99 /usr/bin/c99-gcc 20 --slave /usr/share/man/man1/c99.1.gz c99.1.gz /usr/share/man/man1/c99-gcc.1.gz
update-alternatives 2013-06-07 05:40:14: link group c99 updated to point to /usr/bin/c99-gcc
